{
  message: 'Database Connected Successfully',
  level: 'info',
  label: 'right now!',
  timestamp: '2023-06-20T14:00:09.346Z'
}
{
  message: 'UM Application listening on port 5000',
  level: 'info',
  label: 'right now!',
  timestamp: '2023-06-20T14:00:09.353Z'
}
{
  message: 'Database Connected Successfully',
  level: 'info',
  label: 'right now!',
  timestamp: '2023-06-20T14:00:11.553Z'
}
{
  message: 'UM Application listening on port 5000',
  level: 'info',
  label: 'right now!',
  timestamp: '2023-06-20T14:00:11.560Z'
}
{
  message: 'Database Connected Successfully',
  level: 'info',
  label: 'right now!',
  timestamp: '2023-06-20T14:00:15.713Z'
}
{
  message: 'UM Application listening on port 5000',
  level: 'info',
  label: 'right now!',
  timestamp: '2023-06-20T14:00:15.719Z'
}
{
  message: 'Database Connected Successfully',
  level: 'info',
  label: 'right now!',
  timestamp: '2023-06-20T14:00:25.258Z'
}
{
  message: 'UM Application listening on port 5000',
  level: 'info',
  label: 'right now!',
  timestamp: '2023-06-20T14:00:25.271Z'
}
{
  message: 'Database Connected Successfully',
  level: 'info',
  label: 'right now!',
  timestamp: '2023-06-20T14:00:31.366Z'
}
{
  message: 'UM Application listening on port 5000',
  level: 'info',
  label: 'right now!',
  timestamp: '2023-06-20T14:00:31.374Z'
}
{
  message: 'Database Connected Successfully',
  level: 'info',
  label: 'right now!',
  timestamp: '2023-06-20T14:13:02.418Z'
}
{
  message: 'UM Application listening on port 5000',
  level: 'info',
  label: 'right now!',
  timestamp: '2023-06-20T14:13:02.425Z'
}
{
  message: 'Database Connected Successfully',
  level: 'info',
  label: 'right now!',
  timestamp: '2023-06-20T14:13:53.228Z'
}
{
  message: 'UM Application listening on port 5000',
  level: 'info',
  label: 'right now!',
  timestamp: '2023-06-20T14:13:53.235Z'
}
{
  message: 'Database Connected Successfully',
  level: 'info',
  label: 'right now!',
  timestamp: '2023-06-20T14:15:02.937Z'
}
{
  message: 'UM Application listening on port 5000',
  level: 'info',
  label: 'right now!',
  timestamp: '2023-06-20T14:15:02.951Z'
}
{
  message: 'Database Connected Successfully',
  level: 'info',
  label: 'right now!',
  timestamp: '2023-06-20T14:15:34.194Z'
}
{
  message: 'UM Application listening on port 5000',
  level: 'info',
  label: 'right now!',
  timestamp: '2023-06-20T14:15:34.203Z'
}
{
  message: 'Database Connected Successfully',
  level: 'info',
  label: 'right now!',
  timestamp: '2023-06-20T14:15:37.461Z'
}
{
  message: 'UM Application listening on port 5000',
  level: 'info',
  label: 'right now!',
  timestamp: '2023-06-20T14:15:37.475Z'
}
{
  message: 'Database Connected Successfully',
  level: 'info',
  label: 'right now!',
  timestamp: '2023-06-20T14:15:56.717Z'
}
{
  message: 'UM Application listening on port 5000',
  level: 'info',
  label: 'right now!',
  timestamp: '2023-06-20T14:15:56.731Z'
}
{
  message: 'Database Connected Successfully',
  level: 'info',
  label: 'right now!',
  timestamp: '2023-06-20T14:16:20.878Z'
}
{
  message: 'UM Application listening on port 5000',
  level: 'info',
  label: 'right now!',
  timestamp: '2023-06-20T14:16:20.889Z'
}
{
  message: 'Database Connected Successfully',
  level: 'info',
  label: 'right now!',
  timestamp: '2023-06-20T14:16:30.674Z'
}
{
  message: 'UM Application listening on port 5000',
  level: 'info',
  label: 'right now!',
  timestamp: '2023-06-20T14:16:30.687Z'
}
{
  message: 'Database Connected Successfully',
  level: 'info',
  label: 'right now!',
  timestamp: '2023-06-20T14:18:54.971Z'
}
{
  message: 'UM Application listening on port 5000',
  level: 'info',
  label: 'right now!',
  timestamp: '2023-06-20T14:18:54.978Z'
}
{
  message: 'Database Connected Successfully',
  level: 'info',
  label: 'right now!',
  timestamp: '2023-06-20T14:18:59.273Z'
}
{
  message: 'UM Application listening on port 5000',
  level: 'info',
  label: 'right now!',
  timestamp: '2023-06-20T14:18:59.280Z'
}
{
  message: 'Database Connected Successfully',
  level: 'info',
  label: 'right now!',
  timestamp: '2023-06-20T14:19:03.794Z'
}
{
  message: 'UM Application listening on port 5000',
  level: 'info',
  label: 'right now!',
  timestamp: '2023-06-20T14:19:03.800Z'
}
{
  message: 'Database Connected Successfully',
  level: 'info',
  label: 'right now!',
  timestamp: '2023-06-20T14:19:12.502Z'
}
{
  message: 'UM Application listening on port 5000',
  level: 'info',
  label: 'right now!',
  timestamp: '2023-06-20T14:19:12.515Z'
}
{
  message: 'Database Connected Successfully',
  level: 'info',
  label: 'right now!',
  timestamp: '2023-06-20T14:24:42.952Z'
}
{
  message: 'UM Application listening on port 5000',
  level: 'info',
  label: 'right now!',
  timestamp: '2023-06-20T14:24:42.965Z'
}
{
  message: 'Database Connected Successfully',
  level: 'info',
  label: 'right now!',
  timestamp: '2023-06-20T14:25:49.495Z'
}
{
  message: 'UM Application listening on port 5000',
  level: 'info',
  label: 'right now!',
  timestamp: '2023-06-20T14:25:49.502Z'
}
