{
  message: 'Database Connected Successfully',
  level: 'info',
  label: 'right now!',
  timestamp: '2023-06-11T07:39:28.622Z'
}
{
  message: 'UM Application listening on port 5000',
  level: 'info',
  label: 'right now!',
  timestamp: '2023-06-11T07:39:28.637Z'
}
{
  message: 'Database Connected Successfully',
  level: 'info',
  label: 'right now!',
  timestamp: '2023-06-11T07:39:33.889Z'
}
{
  message: 'UM Application listening on port 5000',
  level: 'info',
  label: 'right now!',
  timestamp: '2023-06-11T07:39:33.897Z'
}
{
  message: 'Database Connected Successfully',
  level: 'info',
  label: 'right now!',
  timestamp: '2023-06-11T07:39:38.985Z'
}
{
  message: 'UM Application listening on port 5000',
  level: 'info',
  label: 'right now!',
  timestamp: '2023-06-11T07:39:38.992Z'
}
{
  message: 'Database Connected Successfully',
  level: 'info',
  label: 'right now!',
  timestamp: '2023-06-11T07:41:54.911Z'
}
{
  message: 'UM Application listening on port 5000',
  level: 'info',
  label: 'right now!',
  timestamp: '2023-06-11T07:41:54.927Z'
}
{
  message: 'Database Connected Successfully',
  level: 'info',
  label: 'right now!',
  timestamp: '2023-06-11T07:42:02.834Z'
}
{
  message: 'UM Application listening on port 5000',
  level: 'info',
  label: 'right now!',
  timestamp: '2023-06-11T07:42:02.841Z'
}
{
  message: 'Database Connected Successfully',
  level: 'info',
  label: 'right now!',
  timestamp: '2023-06-11T07:42:04.952Z'
}
{
  message: 'UM Application listening on port 5000',
  level: 'info',
  label: 'right now!',
  timestamp: '2023-06-11T07:42:04.967Z'
}
{
  message: 'Database Connected Successfully',
  level: 'info',
  label: 'right now!',
  timestamp: '2023-06-11T07:42:07.742Z'
}
{
  message: 'UM Application listening on port 5000',
  level: 'info',
  label: 'right now!',
  timestamp: '2023-06-11T07:42:07.749Z'
}
{
  message: 'Database Connected Successfully',
  level: 'info',
  label: 'right now!',
  timestamp: '2023-06-11T07:42:10.078Z'
}
{
  message: 'UM Application listening on port 5000',
  level: 'info',
  label: 'right now!',
  timestamp: '2023-06-11T07:42:10.092Z'
}
{
  message: 'Database Connected Successfully',
  level: 'info',
  label: 'right now!',
  timestamp: '2023-06-11T07:42:39.411Z'
}
{
  message: 'UM Application listening on port 5000',
  level: 'info',
  label: 'right now!',
  timestamp: '2023-06-11T07:42:39.423Z'
}
{
  message: 'Database Connected Successfully',
  level: 'info',
  label: 'right now!',
  timestamp: '2023-06-11T07:42:41.013Z'
}
{
  message: 'UM Application listening on port 5000',
  level: 'info',
  label: 'right now!',
  timestamp: '2023-06-11T07:42:41.020Z'
}
{
  message: 'Database Connected Successfully',
  level: 'info',
  label: 'right now!',
  timestamp: '2023-06-11T07:43:28.197Z'
}
{
  message: 'UM Application listening on port 5000',
  level: 'info',
  label: 'right now!',
  timestamp: '2023-06-11T07:43:28.203Z'
}
{
  message: 'Database Connected Successfully',
  level: 'info',
  label: 'right now!',
  timestamp: '2023-06-11T07:44:30.838Z'
}
{
  message: 'UM Application listening on port 5000',
  level: 'info',
  label: 'right now!',
  timestamp: '2023-06-11T07:44:30.853Z'
}
{
  message: 'Database Connected Successfully',
  level: 'info',
  label: 'right now!',
  timestamp: '2023-06-11T07:44:34.936Z'
}
{
  message: 'UM Application listening on port 5000',
  level: 'info',
  label: 'right now!',
  timestamp: '2023-06-11T07:44:34.943Z'
}
{
  message: 'Database Connected Successfully',
  level: 'info',
  label: 'right now!',
  timestamp: '2023-06-11T07:44:45.665Z'
}
{
  message: 'UM Application listening on port 5000',
  level: 'info',
  label: 'right now!',
  timestamp: '2023-06-11T07:44:45.671Z'
}
{
  message: 'Database Connected Successfully',
  level: 'info',
  label: 'right now!',
  timestamp: '2023-06-11T07:44:52.725Z'
}
{
  message: 'UM Application listening on port 5000',
  level: 'info',
  label: 'right now!',
  timestamp: '2023-06-11T07:44:52.732Z'
}
{
  message: 'Database Connected Successfully',
  level: 'info',
  label: 'right now!',
  timestamp: '2023-06-11T07:45:09.720Z'
}
{
  message: 'UM Application listening on port 5000',
  level: 'info',
  label: 'right now!',
  timestamp: '2023-06-11T07:45:09.727Z'
}
{
  message: 'Database Connected Successfully',
  level: 'info',
  label: 'right now!',
  timestamp: '2023-06-11T07:46:05.387Z'
}
{
  message: 'UM Application listening on port 5000',
  level: 'info',
  label: 'right now!',
  timestamp: '2023-06-11T07:46:05.401Z'
}
{
  message: 'Database Connected Successfully',
  level: 'info',
  label: 'right now!',
  timestamp: '2023-06-11T07:46:24.540Z'
}
{
  message: 'UM Application listening on port 5000',
  level: 'info',
  label: 'right now!',
  timestamp: '2023-06-11T07:46:24.547Z'
}
{
  message: 'Database Connected Successfully',
  level: 'info',
  label: 'right now!',
  timestamp: '2023-06-11T07:46:36.604Z'
}
{
  message: 'UM Application listening on port 5000',
  level: 'info',
  label: 'right now!',
  timestamp: '2023-06-11T07:46:36.612Z'
}
{
  message: 'Database Connected Successfully',
  level: 'info',
  label: 'right now!',
  timestamp: '2023-06-11T07:46:45.099Z'
}
{
  message: 'UM Application listening on port 5000',
  level: 'info',
  label: 'right now!',
  timestamp: '2023-06-11T07:46:45.105Z'
}
{
  message: 'Database Connected Successfully',
  level: 'info',
  label: 'right now!',
  timestamp: '2023-06-11T07:47:06.728Z'
}
{
  message: 'UM Application listening on port 5000',
  level: 'info',
  label: 'right now!',
  timestamp: '2023-06-11T07:47:06.735Z'
}
{
  message: 'Database Connected Successfully',
  level: 'info',
  label: 'right now!',
  timestamp: '2023-06-11T07:47:08.304Z'
}
{
  message: 'UM Application listening on port 5000',
  level: 'info',
  label: 'right now!',
  timestamp: '2023-06-11T07:47:08.318Z'
}
{
  message: 'Database Connected Successfully',
  level: 'info',
  label: 'right now!',
  timestamp: '2023-06-11T07:47:19.074Z'
}
{
  message: 'UM Application listening on port 5000',
  level: 'info',
  label: 'right now!',
  timestamp: '2023-06-11T07:47:19.083Z'
}
{
  message: 'Database Connected Successfully',
  level: 'info',
  label: 'right now!',
  timestamp: '2023-06-11T07:47:22.825Z'
}
{
  message: 'UM Application listening on port 5000',
  level: 'info',
  label: 'right now!',
  timestamp: '2023-06-11T07:47:22.841Z'
}
{
  message: 'Database Connected Successfully',
  level: 'info',
  label: 'right now!',
  timestamp: '2023-06-11T07:47:30.214Z'
}
{
  message: 'UM Application listening on port 5000',
  level: 'info',
  label: 'right now!',
  timestamp: '2023-06-11T07:47:30.228Z'
}
{
  message: 'Database Connected Successfully',
  level: 'info',
  label: 'right now!',
  timestamp: '2023-06-11T07:47:31.803Z'
}
{
  message: 'UM Application listening on port 5000',
  level: 'info',
  label: 'right now!',
  timestamp: '2023-06-11T07:47:31.819Z'
}
{
  message: 'Database Connected Successfully',
  level: 'info',
  label: 'right now!',
  timestamp: '2023-06-11T07:48:57.260Z'
}
{
  message: 'UM Application listening on port 5000',
  level: 'info',
  label: 'right now!',
  timestamp: '2023-06-11T07:48:57.268Z'
}
{
  message: 'Database Connected Successfully',
  level: 'info',
  label: 'right now!',
  timestamp: '2023-06-11T07:48:59.060Z'
}
{
  message: 'UM Application listening on port 5000',
  level: 'info',
  label: 'right now!',
  timestamp: '2023-06-11T07:48:59.078Z'
}
{
  message: 'Database Connected Successfully',
  level: 'info',
  label: 'right now!',
  timestamp: '2023-06-11T07:49:21.964Z'
}
{
  message: 'UM Application listening on port 5000',
  level: 'info',
  label: 'right now!',
  timestamp: '2023-06-11T07:49:21.972Z'
}
{
  message: 'Database Connected Successfully',
  level: 'info',
  label: 'right now!',
  timestamp: '2023-06-11T07:49:25.517Z'
}
{
  message: 'UM Application listening on port 5000',
  level: 'info',
  label: 'right now!',
  timestamp: '2023-06-11T07:49:25.524Z'
}
{
  message: 'Database Connected Successfully',
  level: 'info',
  label: 'right now!',
  timestamp: '2023-06-11T07:49:27.277Z'
}
{
  message: 'UM Application listening on port 5000',
  level: 'info',
  label: 'right now!',
  timestamp: '2023-06-11T07:49:27.292Z'
}
{
  message: 'Database Connected Successfully',
  level: 'info',
  label: 'right now!',
  timestamp: '2023-06-11T07:49:28.999Z'
}
{
  message: 'UM Application listening on port 5000',
  level: 'info',
  label: 'right now!',
  timestamp: '2023-06-11T07:49:29.006Z'
}
{
  message: 'Database Connected Successfully',
  level: 'info',
  label: 'right now!',
  timestamp: '2023-06-11T07:49:38.528Z'
}
{
  message: 'UM Application listening on port 5000',
  level: 'info',
  label: 'right now!',
  timestamp: '2023-06-11T07:49:38.538Z'
}
{
  message: 'Database Connected Successfully',
  level: 'info',
  label: 'right now!',
  timestamp: '2023-06-11T07:49:47.813Z'
}
{
  message: 'UM Application listening on port 5000',
  level: 'info',
  label: 'right now!',
  timestamp: '2023-06-11T07:49:47.820Z'
}
{
  message: 'Database Connected Successfully',
  level: 'info',
  label: 'right now!',
  timestamp: '2023-06-11T07:49:53.173Z'
}
{
  message: 'UM Application listening on port 5000',
  level: 'info',
  label: 'right now!',
  timestamp: '2023-06-11T07:49:53.186Z'
}
{
  message: 'Database Connected Successfully',
  level: 'info',
  label: 'right now!',
  timestamp: '2023-06-11T07:50:41.889Z'
}
{
  message: 'UM Application listening on port 5000',
  level: 'info',
  label: 'right now!',
  timestamp: '2023-06-11T07:50:41.901Z'
}
{
  message: 'Database Connected Successfully',
  level: 'info',
  label: 'right now!',
  timestamp: '2023-06-11T07:50:50.550Z'
}
{
  message: 'UM Application listening on port 5000',
  level: 'info',
  label: 'right now!',
  timestamp: '2023-06-11T07:50:50.558Z'
}
{
  message: 'Database Connected Successfully',
  level: 'info',
  label: 'right now!',
  timestamp: '2023-06-11T07:50:54.010Z'
}
{
  message: 'UM Application listening on port 5000',
  level: 'info',
  label: 'right now!',
  timestamp: '2023-06-11T07:50:54.022Z'
}
{
  message: 'Database Connected Successfully',
  level: 'info',
  label: 'right now!',
  timestamp: '2023-06-11T07:50:57.812Z'
}
{
  message: 'UM Application listening on port 5000',
  level: 'info',
  label: 'right now!',
  timestamp: '2023-06-11T07:50:57.818Z'
}
{
  message: 'Database Connected Successfully',
  level: 'info',
  label: 'right now!',
  timestamp: '2023-06-11T07:58:52.005Z'
}
{
  message: 'UM Application listening on port 5000',
  level: 'info',
  label: 'right now!',
  timestamp: '2023-06-11T07:58:52.011Z'
}
{
  message: 'Database Connected Successfully',
  level: 'info',
  label: 'right now!',
  timestamp: '2023-06-11T07:58:55.041Z'
}
{
  message: 'UM Application listening on port 5000',
  level: 'info',
  label: 'right now!',
  timestamp: '2023-06-11T07:58:55.055Z'
}
