{
  message: 'Database Connected Successfully',
  level: 'info',
  label: 'right now!',
  timestamp: '2023-06-08T08:00:02.931Z'
}
{
  message: 'UM Application listening on port 5000',
  level: 'info',
  label: 'right now!',
  timestamp: '2023-06-08T08:00:02.937Z'
}
{
  message: 'Database Connected Successfully',
  level: 'info',
  label: 'right now!',
  timestamp: '2023-06-08T08:01:47.865Z'
}
{
  message: 'UM Application listening on port 5000',
  level: 'info',
  label: 'right now!',
  timestamp: '2023-06-08T08:01:47.872Z'
}
{
  message: 'Database Connected Successfully',
  level: 'info',
  label: 'right now!',
  timestamp: '2023-06-08T08:02:06.137Z'
}
{
  message: 'UM Application listening on port 5000',
  level: 'info',
  label: 'right now!',
  timestamp: '2023-06-08T08:02:06.144Z'
}
{
  message: 'Database Connected Successfully',
  level: 'info',
  label: 'right now!',
  timestamp: '2023-06-08T08:03:41.763Z'
}
{
  message: 'UM Application listening on port 5000',
  level: 'info',
  label: 'right now!',
  timestamp: '2023-06-08T08:03:41.769Z'
}
{
  message: 'Database Connected Successfully',
  level: 'info',
  label: 'right now!',
  timestamp: '2023-06-08T08:05:11.035Z'
}
{
  message: 'UM Application listening on port 5000',
  level: 'info',
  label: 'right now!',
  timestamp: '2023-06-08T08:05:11.048Z'
}
{
  message: 'Database Connected Successfully',
  level: 'info',
  label: 'right now!',
  timestamp: '2023-06-08T08:05:15.261Z'
}
{
  message: 'UM Application listening on port 5000',
  level: 'info',
  label: 'right now!',
  timestamp: '2023-06-08T08:05:15.271Z'
}
{
  message: 'Database Connected Successfully',
  level: 'info',
  label: 'right now!',
  timestamp: '2023-06-08T08:05:18.478Z'
}
{
  message: 'UM Application listening on port 5000',
  level: 'info',
  label: 'right now!',
  timestamp: '2023-06-08T08:05:18.483Z'
}
{
  message: 'Database Connected Successfully',
  level: 'info',
  label: 'right now!',
  timestamp: '2023-06-08T08:05:21.817Z'
}
{
  message: 'UM Application listening on port 5000',
  level: 'info',
  label: 'right now!',
  timestamp: '2023-06-08T08:05:21.823Z'
}
{
  message: 'Database Connected Successfully',
  level: 'info',
  label: 'right now!',
  timestamp: '2023-06-08T08:05:45.082Z'
}
{
  message: 'UM Application listening on port 5000',
  level: 'info',
  label: 'right now!',
  timestamp: '2023-06-08T08:05:45.088Z'
}
{
  message: 'Database Connected Successfully',
  level: 'info',
  label: 'right now!',
  timestamp: '2023-06-08T08:06:22.619Z'
}
{
  message: 'UM Application listening on port 5000',
  level: 'info',
  label: 'right now!',
  timestamp: '2023-06-08T08:06:22.625Z'
}
{
  message: 'Database Connected Successfully',
  level: 'info',
  label: 'right now!',
  timestamp: '2023-06-08T08:09:30.152Z'
}
{
  message: 'UM Application listening on port 5000',
  level: 'info',
  label: 'right now!',
  timestamp: '2023-06-08T08:09:30.158Z'
}
{
  message: 'Database Connected Successfully',
  level: 'info',
  label: 'right now!',
  timestamp: '2023-06-08T08:09:32.397Z'
}
{
  message: 'UM Application listening on port 5000',
  level: 'info',
  label: 'right now!',
  timestamp: '2023-06-08T08:09:32.403Z'
}
{
  message: 'Database Connected Successfully',
  level: 'info',
  label: 'right now!',
  timestamp: '2023-06-08T08:10:57.250Z'
}
{
  message: 'UM Application listening on port 5000',
  level: 'info',
  label: 'right now!',
  timestamp: '2023-06-08T08:10:57.257Z'
}
{
  message: 'Database Connected Successfully',
  level: 'info',
  label: 'right now!',
  timestamp: '2023-06-08T08:11:03.373Z'
}
{
  message: 'UM Application listening on port 5000',
  level: 'info',
  label: 'right now!',
  timestamp: '2023-06-08T08:11:03.386Z'
}
{
  message: 'Database Connected Successfully',
  level: 'info',
  label: 'right now!',
  timestamp: '2023-06-08T08:11:08.757Z'
}
{
  message: 'UM Application listening on port 5000',
  level: 'info',
  label: 'right now!',
  timestamp: '2023-06-08T08:11:08.771Z'
}
{
  message: 'Database Connected Successfully',
  level: 'info',
  label: 'right now!',
  timestamp: '2023-06-08T08:11:12.531Z'
}
{
  message: 'UM Application listening on port 5000',
  level: 'info',
  label: 'right now!',
  timestamp: '2023-06-08T08:11:12.538Z'
}
{
  message: 'Database Connected Successfully',
  level: 'info',
  label: 'right now!',
  timestamp: '2023-06-08T08:11:17.141Z'
}
{
  message: 'UM Application listening on port 5000',
  level: 'info',
  label: 'right now!',
  timestamp: '2023-06-08T08:11:17.147Z'
}
{
  message: 'Database Connected Successfully',
  level: 'info',
  label: 'right now!',
  timestamp: '2023-06-08T08:11:20.802Z'
}
{
  message: 'UM Application listening on port 5000',
  level: 'info',
  label: 'right now!',
  timestamp: '2023-06-08T08:11:20.818Z'
}
{
  message: 'Database Connected Successfully',
  level: 'info',
  label: 'right now!',
  timestamp: '2023-06-08T08:11:27.476Z'
}
{
  message: 'UM Application listening on port 5000',
  level: 'info',
  label: 'right now!',
  timestamp: '2023-06-08T08:11:27.484Z'
}
{
  message: 'Database Connected Successfully',
  level: 'info',
  label: 'right now!',
  timestamp: '2023-06-08T08:11:33.134Z'
}
{
  message: 'UM Application listening on port 5000',
  level: 'info',
  label: 'right now!',
  timestamp: '2023-06-08T08:11:33.149Z'
}
{
  message: 'Database Connected Successfully',
  level: 'info',
  label: 'right now!',
  timestamp: '2023-06-08T08:11:47.489Z'
}
{
  message: 'UM Application listening on port 5000',
  level: 'info',
  label: 'right now!',
  timestamp: '2023-06-08T08:11:47.497Z'
}
{
  message: 'Database Connected Successfully',
  level: 'info',
  label: 'right now!',
  timestamp: '2023-06-08T08:11:52.026Z'
}
{
  message: 'UM Application listening on port 5000',
  level: 'info',
  label: 'right now!',
  timestamp: '2023-06-08T08:11:52.040Z'
}
{
  message: 'Database Connected Successfully',
  level: 'info',
  label: 'right now!',
  timestamp: '2023-06-08T08:11:53.671Z'
}
{
  message: 'UM Application listening on port 5000',
  level: 'info',
  label: 'right now!',
  timestamp: '2023-06-08T08:11:53.681Z'
}
{
  message: 'Database Connected Successfully',
  level: 'info',
  label: 'right now!',
  timestamp: '2023-06-08T08:12:03.761Z'
}
{
  message: 'Database Connected Successfully',
  level: 'info',
  label: 'right now!',
  timestamp: '2023-06-08T08:12:05.379Z'
}
{
  message: 'UM Application listening on port 5000',
  level: 'info',
  label: 'right now!',
  timestamp: '2023-06-08T08:12:05.385Z'
}
{
  message: 'Database Connected Successfully',
  level: 'info',
  label: 'right now!',
  timestamp: '2023-06-08T08:12:09.462Z'
}
{
  message: 'UM Application listening on port 5000',
  level: 'info',
  label: 'right now!',
  timestamp: '2023-06-08T08:12:09.468Z'
}
{
  message: 'Database Connected Successfully',
  level: 'info',
  label: 'right now!',
  timestamp: '2023-06-08T08:12:12.457Z'
}
{
  message: 'UM Application listening on port 5000',
  level: 'info',
  label: 'right now!',
  timestamp: '2023-06-08T08:12:12.463Z'
}
{
  message: 'Database Connected Successfully',
  level: 'info',
  label: 'right now!',
  timestamp: '2023-06-08T08:12:18.992Z'
}
{
  message: 'UM Application listening on port 5000',
  level: 'info',
  label: 'right now!',
  timestamp: '2023-06-08T08:12:18.998Z'
}
{
  message: 'Database Connected Successfully',
  level: 'info',
  label: 'right now!',
  timestamp: '2023-06-08T08:12:22.904Z'
}
{
  message: 'UM Application listening on port 5000',
  level: 'info',
  label: 'right now!',
  timestamp: '2023-06-08T08:12:22.910Z'
}
{
  message: 'Database Connected Successfully',
  level: 'info',
  label: 'right now!',
  timestamp: '2023-06-08T08:12:40.811Z'
}
{
  message: 'UM Application listening on port 5000',
  level: 'info',
  label: 'right now!',
  timestamp: '2023-06-08T08:12:40.824Z'
}
{
  message: 'Database Connected Successfully',
  level: 'info',
  label: 'right now!',
  timestamp: '2023-06-08T08:12:42.821Z'
}
{
  message: 'UM Application listening on port 5000',
  level: 'info',
  label: 'right now!',
  timestamp: '2023-06-08T08:12:42.827Z'
}
{
  message: 'Database Connected Successfully',
  level: 'info',
  label: 'right now!',
  timestamp: '2023-06-08T08:13:16.485Z'
}
{
  message: 'UM Application listening on port 5000',
  level: 'info',
  label: 'right now!',
  timestamp: '2023-06-08T08:13:16.491Z'
}
{
  message: 'Database Connected Successfully',
  level: 'info',
  label: 'right now!',
  timestamp: '2023-06-08T08:13:21.314Z'
}
{
  message: 'UM Application listening on port 5000',
  level: 'info',
  label: 'right now!',
  timestamp: '2023-06-08T08:13:21.319Z'
}
{
  message: 'Database Connected Successfully',
  level: 'info',
  label: 'right now!',
  timestamp: '2023-06-08T08:13:36.799Z'
}
{
  message: 'UM Application listening on port 5000',
  level: 'info',
  label: 'right now!',
  timestamp: '2023-06-08T08:13:36.805Z'
}
{
  message: 'Database Connected Successfully',
  level: 'info',
  label: 'right now!',
  timestamp: '2023-06-08T08:13:47.566Z'
}
{
  message: 'UM Application listening on port 5000',
  level: 'info',
  label: 'right now!',
  timestamp: '2023-06-08T08:13:47.572Z'
}
{
  message: 'Database Connected Successfully',
  level: 'info',
  label: 'right now!',
  timestamp: '2023-06-08T08:13:53.395Z'
}
{
  message: 'UM Application listening on port 5000',
  level: 'info',
  label: 'right now!',
  timestamp: '2023-06-08T08:13:53.402Z'
}
{
  message: 'Database Connected Successfully',
  level: 'info',
  label: 'right now!',
  timestamp: '2023-06-08T08:14:02.653Z'
}
{
  message: 'UM Application listening on port 5000',
  level: 'info',
  label: 'right now!',
  timestamp: '2023-06-08T08:14:02.659Z'
}
{
  message: 'Database Connected Successfully',
  level: 'info',
  label: 'right now!',
  timestamp: '2023-06-08T08:14:09.872Z'
}
{
  message: 'UM Application listening on port 5000',
  level: 'info',
  label: 'right now!',
  timestamp: '2023-06-08T08:14:09.878Z'
}
{
  message: 'Database Connected Successfully',
  level: 'info',
  label: 'right now!',
  timestamp: '2023-06-08T08:14:12.237Z'
}
{
  message: 'UM Application listening on port 5000',
  level: 'info',
  label: 'right now!',
  timestamp: '2023-06-08T08:14:12.244Z'
}
{
  message: 'Database Connected Successfully',
  level: 'info',
  label: 'right now!',
  timestamp: '2023-06-08T08:14:16.496Z'
}
{
  message: 'UM Application listening on port 5000',
  level: 'info',
  label: 'right now!',
  timestamp: '2023-06-08T08:14:16.509Z'
}
{
  message: 'Database Connected Successfully',
  level: 'info',
  label: 'right now!',
  timestamp: '2023-06-08T08:14:18.210Z'
}
{
  message: 'UM Application listening on port 5000',
  level: 'info',
  label: 'right now!',
  timestamp: '2023-06-08T08:14:18.216Z'
}
{
  message: 'Database Connected Successfully',
  level: 'info',
  label: 'right now!',
  timestamp: '2023-06-08T08:14:35.099Z'
}
{
  message: 'UM Application listening on port 5000',
  level: 'info',
  label: 'right now!',
  timestamp: '2023-06-08T08:14:35.105Z'
}
{
  message: 'Database Connected Successfully',
  level: 'info',
  label: 'right now!',
  timestamp: '2023-06-08T08:14:42.462Z'
}
{
  message: 'UM Application listening on port 5000',
  level: 'info',
  label: 'right now!',
  timestamp: '2023-06-08T08:14:42.478Z'
}
{
  message: 'Database Connected Successfully',
  level: 'info',
  label: 'right now!',
  timestamp: '2023-06-08T08:16:48.525Z'
}
{
  message: 'UM Application listening on port 5000',
  level: 'info',
  label: 'right now!',
  timestamp: '2023-06-08T08:16:48.531Z'
}
{
  message: 'Database Connected Successfully',
  level: 'info',
  label: 'right now!',
  timestamp: '2023-06-08T08:17:14.986Z'
}
{
  message: 'UM Application listening on port 5000',
  level: 'info',
  label: 'right now!',
  timestamp: '2023-06-08T08:17:14.992Z'
}
{
  message: 'Database Connected Successfully',
  level: 'info',
  label: 'right now!',
  timestamp: '2023-06-08T08:17:18.129Z'
}
{
  message: 'UM Application listening on port 5000',
  level: 'info',
  label: 'right now!',
  timestamp: '2023-06-08T08:17:18.135Z'
}
{
  message: 'Database Connected Successfully',
  level: 'info',
  label: 'right now!',
  timestamp: '2023-06-08T08:17:21.932Z'
}
{
  message: 'UM Application listening on port 5000',
  level: 'info',
  label: 'right now!',
  timestamp: '2023-06-08T08:17:21.939Z'
}
{
  message: 'Database Connected Successfully',
  level: 'info',
  label: 'right now!',
  timestamp: '2023-06-08T08:17:40.106Z'
}
{
  message: 'UM Application listening on port 5000',
  level: 'info',
  label: 'right now!',
  timestamp: '2023-06-08T08:17:40.114Z'
}
{
  message: 'Database Connected Successfully',
  level: 'info',
  label: 'right now!',
  timestamp: '2023-06-08T08:35:57.652Z'
}
{
  message: 'UM Application listening on port 5000',
  level: 'info',
  label: 'right now!',
  timestamp: '2023-06-08T08:35:57.666Z'
}
{
  message: 'Database Connected Successfully',
  level: 'info',
  label: 'right now!',
  timestamp: '2023-06-08T08:36:02.305Z'
}
{
  message: 'UM Application listening on port 5000',
  level: 'info',
  label: 'right now!',
  timestamp: '2023-06-08T08:36:02.311Z'
}
{
  message: 'Database Connected Successfully',
  level: 'info',
  label: 'right now!',
  timestamp: '2023-06-08T08:36:04.141Z'
}
{
  message: 'UM Application listening on port 5000',
  level: 'info',
  label: 'right now!',
  timestamp: '2023-06-08T08:36:04.147Z'
}
{
  message: 'Database Connected Successfully',
  level: 'info',
  label: 'right now!',
  timestamp: '2023-06-08T08:36:22.419Z'
}
{
  message: 'UM Application listening on port 5000',
  level: 'info',
  label: 'right now!',
  timestamp: '2023-06-08T08:36:22.426Z'
}
{
  message: 'Database Connected Successfully',
  level: 'info',
  label: 'right now!',
  timestamp: '2023-06-08T08:36:31.634Z'
}
{
  message: 'UM Application listening on port 5000',
  level: 'info',
  label: 'right now!',
  timestamp: '2023-06-08T08:36:31.640Z'
}
{
  message: 'Database Connected Successfully',
  level: 'info',
  label: 'right now!',
  timestamp: '2023-06-08T08:36:36.010Z'
}
{
  message: 'UM Application listening on port 5000',
  level: 'info',
  label: 'right now!',
  timestamp: '2023-06-08T08:36:36.025Z'
}
{
  message: 'Database Connected Successfully',
  level: 'info',
  label: 'right now!',
  timestamp: '2023-06-08T08:36:45.664Z'
}
{
  message: 'UM Application listening on port 5000',
  level: 'info',
  label: 'right now!',
  timestamp: '2023-06-08T08:36:45.680Z'
}
{
  message: 'Database Connected Successfully',
  level: 'info',
  label: 'right now!',
  timestamp: '2023-06-08T08:36:47.112Z'
}
{
  message: 'UM Application listening on port 5000',
  level: 'info',
  label: 'right now!',
  timestamp: '2023-06-08T08:36:47.128Z'
}
{
  message: 'Database Connected Successfully',
  level: 'info',
  label: 'right now!',
  timestamp: '2023-06-08T08:37:03.148Z'
}
{
  message: 'UM Application listening on port 5000',
  level: 'info',
  label: 'right now!',
  timestamp: '2023-06-08T08:37:03.161Z'
}
{
  message: 'Database Connected Successfully',
  level: 'info',
  label: 'right now!',
  timestamp: '2023-06-08T08:37:15.390Z'
}
{
  message: 'UM Application listening on port 5000',
  level: 'info',
  label: 'right now!',
  timestamp: '2023-06-08T08:37:15.397Z'
}
{
  message: 'Database Connected Successfully',
  level: 'info',
  label: 'right now!',
  timestamp: '2023-06-08T08:37:17.731Z'
}
{
  message: 'UM Application listening on port 5000',
  level: 'info',
  label: 'right now!',
  timestamp: '2023-06-08T08:37:17.737Z'
}
{
  message: 'Database Connected Successfully',
  level: 'info',
  label: 'right now!',
  timestamp: '2023-06-08T08:37:21.967Z'
}
{
  message: 'UM Application listening on port 5000',
  level: 'info',
  label: 'right now!',
  timestamp: '2023-06-08T08:37:21.973Z'
}
{
  message: 'Database Connected Successfully',
  level: 'info',
  label: 'right now!',
  timestamp: '2023-06-08T08:38:47.395Z'
}
{
  message: 'UM Application listening on port 5000',
  level: 'info',
  label: 'right now!',
  timestamp: '2023-06-08T08:38:47.402Z'
}
{
  message: 'Database Connected Successfully',
  level: 'info',
  label: 'right now!',
  timestamp: '2023-06-08T08:38:53.736Z'
}
{
  message: 'UM Application listening on port 5000',
  level: 'info',
  label: 'right now!',
  timestamp: '2023-06-08T08:38:53.745Z'
}
{
  message: 'Database Connected Successfully',
  level: 'info',
  label: 'right now!',
  timestamp: '2023-06-08T08:38:55.530Z'
}
{
  message: 'UM Application listening on port 5000',
  level: 'info',
  label: 'right now!',
  timestamp: '2023-06-08T08:38:55.537Z'
}
{
  message: 'Database Connected Successfully',
  level: 'info',
  label: 'right now!',
  timestamp: '2023-06-08T08:39:28.596Z'
}
{
  message: 'UM Application listening on port 5000',
  level: 'info',
  label: 'right now!',
  timestamp: '2023-06-08T08:39:28.604Z'
}
{
  message: 'Database Connected Successfully',
  level: 'info',
  label: 'right now!',
  timestamp: '2023-06-08T08:47:26.621Z'
}
{
  message: 'UM Application listening on port 5000',
  level: 'info',
  label: 'right now!',
  timestamp: '2023-06-08T08:47:26.627Z'
}
{
  message: 'Database Connected Successfully',
  level: 'info',
  label: 'right now!',
  timestamp: '2023-06-08T08:55:39.776Z'
}
{
  message: 'UM Application listening on port 5000',
  level: 'info',
  label: 'right now!',
  timestamp: '2023-06-08T08:55:39.803Z'
}
{
  message: 'Database Connected Successfully',
  level: 'info',
  label: 'right now!',
  timestamp: '2023-06-08T08:58:12.191Z'
}
{
  message: 'UM Application listening on port 5000',
  level: 'info',
  label: 'right now!',
  timestamp: '2023-06-08T08:58:12.198Z'
}
{
  message: 'Database Connected Successfully',
  level: 'info',
  label: 'right now!',
  timestamp: '2023-06-08T08:58:14.344Z'
}
{
  message: 'UM Application listening on port 5000',
  level: 'info',
  label: 'right now!',
  timestamp: '2023-06-08T08:58:14.350Z'
}
{
  message: 'Database Connected Successfully',
  level: 'info',
  label: 'right now!',
  timestamp: '2023-06-08T08:58:19.252Z'
}
{
  message: 'UM Application listening on port 5000',
  level: 'info',
  label: 'right now!',
  timestamp: '2023-06-08T08:58:19.260Z'
}
{
  message: 'Database Connected Successfully',
  level: 'info',
  label: 'right now!',
  timestamp: '2023-06-08T08:58:20.949Z'
}
{
  message: 'UM Application listening on port 5000',
  level: 'info',
  label: 'right now!',
  timestamp: '2023-06-08T08:58:20.959Z'
}
{
  message: 'Database Connected Successfully',
  level: 'info',
  label: 'right now!',
  timestamp: '2023-06-08T08:58:31.417Z'
}
{
  message: 'UM Application listening on port 5000',
  level: 'info',
  label: 'right now!',
  timestamp: '2023-06-08T08:58:31.423Z'
}
{
  message: 'Database Connected Successfully',
  level: 'info',
  label: 'right now!',
  timestamp: '2023-06-08T08:58:33.887Z'
}
{
  message: 'UM Application listening on port 5000',
  level: 'info',
  label: 'right now!',
  timestamp: '2023-06-08T08:58:33.893Z'
}
{
  message: 'Database Connected Successfully',
  level: 'info',
  label: 'right now!',
  timestamp: '2023-06-08T08:58:50.359Z'
}
{
  message: 'UM Application listening on port 5000',
  level: 'info',
  label: 'right now!',
  timestamp: '2023-06-08T08:58:50.366Z'
}
{
  message: 'Database Connected Successfully',
  level: 'info',
  label: 'right now!',
  timestamp: '2023-06-08T08:59:12.390Z'
}
{
  message: 'UM Application listening on port 5000',
  level: 'info',
  label: 'right now!',
  timestamp: '2023-06-08T08:59:12.395Z'
}
{
  message: 'Database Connected Successfully',
  level: 'info',
  label: 'right now!',
  timestamp: '2023-06-08T08:59:20.161Z'
}
{
  message: 'UM Application listening on port 5000',
  level: 'info',
  label: 'right now!',
  timestamp: '2023-06-08T08:59:20.175Z'
}
{
  message: 'Database Connected Successfully',
  level: 'info',
  label: 'right now!',
  timestamp: '2023-06-08T08:59:23.444Z'
}
{
  message: 'UM Application listening on port 5000',
  level: 'info',
  label: 'right now!',
  timestamp: '2023-06-08T08:59:23.452Z'
}
{
  message: 'Database Connected Successfully',
  level: 'info',
  label: 'right now!',
  timestamp: '2023-06-08T08:59:27.044Z'
}
{
  message: 'UM Application listening on port 5000',
  level: 'info',
  label: 'right now!',
  timestamp: '2023-06-08T08:59:27.054Z'
}
{
  message: 'Database Connected Successfully',
  level: 'info',
  label: 'right now!',
  timestamp: '2023-06-08T08:59:31.378Z'
}
{
  message: 'UM Application listening on port 5000',
  level: 'info',
  label: 'right now!',
  timestamp: '2023-06-08T08:59:31.393Z'
}
