{
  message: 'Database Connected Successfully',
  level: 'info',
  label: 'right now!',
  timestamp: '2023-06-09T10:00:29.146Z'
}
{
  message: 'UM Application listening on port 5000',
  level: 'info',
  label: 'right now!',
  timestamp: '2023-06-09T10:00:29.154Z'
}
{
  message: 'Database Connected Successfully',
  level: 'info',
  label: 'right now!',
  timestamp: '2023-06-09T10:01:32.436Z'
}
{
  message: 'UM Application listening on port 5000',
  level: 'info',
  label: 'right now!',
  timestamp: '2023-06-09T10:01:32.443Z'
}
{
  message: 'Database Connected Successfully',
  level: 'info',
  label: 'right now!',
  timestamp: '2023-06-09T10:01:35.204Z'
}
{
  message: 'UM Application listening on port 5000',
  level: 'info',
  label: 'right now!',
  timestamp: '2023-06-09T10:01:35.215Z'
}
{
  message: 'Database Connected Successfully',
  level: 'info',
  label: 'right now!',
  timestamp: '2023-06-09T10:01:47.348Z'
}
{
  message: 'UM Application listening on port 5000',
  level: 'info',
  label: 'right now!',
  timestamp: '2023-06-09T10:01:47.354Z'
}
{
  message: 'Database Connected Successfully',
  level: 'info',
  label: 'right now!',
  timestamp: '2023-06-09T10:03:51.625Z'
}
{
  message: 'UM Application listening on port 5000',
  level: 'info',
  label: 'right now!',
  timestamp: '2023-06-09T10:03:51.632Z'
}
{
  message: 'Database Connected Successfully',
  level: 'info',
  label: 'right now!',
  timestamp: '2023-06-09T10:04:03.070Z'
}
{
  message: 'UM Application listening on port 5000',
  level: 'info',
  label: 'right now!',
  timestamp: '2023-06-09T10:04:03.076Z'
}
{
  message: 'Database Connected Successfully',
  level: 'info',
  label: 'right now!',
  timestamp: '2023-06-09T10:04:13.665Z'
}
{
  message: 'UM Application listening on port 5000',
  level: 'info',
  label: 'right now!',
  timestamp: '2023-06-09T10:04:13.670Z'
}
{
  message: 'Database Connected Successfully',
  level: 'info',
  label: 'right now!',
  timestamp: '2023-06-09T10:04:28.242Z'
}
{
  message: 'UM Application listening on port 5000',
  level: 'info',
  label: 'right now!',
  timestamp: '2023-06-09T10:04:28.249Z'
}
{
  message: 'Database Connected Successfully',
  level: 'info',
  label: 'right now!',
  timestamp: '2023-06-09T10:04:38.077Z'
}
{
  message: 'UM Application listening on port 5000',
  level: 'info',
  label: 'right now!',
  timestamp: '2023-06-09T10:04:38.092Z'
}
{
  message: 'Database Connected Successfully',
  level: 'info',
  label: 'right now!',
  timestamp: '2023-06-09T10:06:52.401Z'
}
{
  message: 'UM Application listening on port 5000',
  level: 'info',
  label: 'right now!',
  timestamp: '2023-06-09T10:06:52.409Z'
}
{
  message: 'Database Connected Successfully',
  level: 'info',
  label: 'right now!',
  timestamp: '2023-06-09T10:07:35.620Z'
}
{
  message: 'UM Application listening on port 5000',
  level: 'info',
  label: 'right now!',
  timestamp: '2023-06-09T10:07:35.625Z'
}
{
  message: 'Database Connected Successfully',
  level: 'info',
  label: 'right now!',
  timestamp: '2023-06-09T10:07:40.518Z'
}
{
  message: 'UM Application listening on port 5000',
  level: 'info',
  label: 'right now!',
  timestamp: '2023-06-09T10:07:40.523Z'
}
{
  message: 'Database Connected Successfully',
  level: 'info',
  label: 'right now!',
  timestamp: '2023-06-09T10:07:48.011Z'
}
{
  message: 'UM Application listening on port 5000',
  level: 'info',
  label: 'right now!',
  timestamp: '2023-06-09T10:07:48.016Z'
}
{
  message: 'Database Connected Successfully',
  level: 'info',
  label: 'right now!',
  timestamp: '2023-06-09T10:07:49.756Z'
}
{
  message: 'UM Application listening on port 5000',
  level: 'info',
  label: 'right now!',
  timestamp: '2023-06-09T10:07:49.771Z'
}
{
  message: 'Database Connected Successfully',
  level: 'info',
  label: 'right now!',
  timestamp: '2023-06-09T10:07:58.515Z'
}
{
  message: 'UM Application listening on port 5000',
  level: 'info',
  label: 'right now!',
  timestamp: '2023-06-09T10:07:58.529Z'
}
{
  message: 'Database Connected Successfully',
  level: 'info',
  label: 'right now!',
  timestamp: '2023-06-09T10:08:02.504Z'
}
{
  message: 'UM Application listening on port 5000',
  level: 'info',
  label: 'right now!',
  timestamp: '2023-06-09T10:08:02.521Z'
}
{
  message: 'Database Connected Successfully',
  level: 'info',
  label: 'right now!',
  timestamp: '2023-06-09T10:10:13.923Z'
}
{
  message: 'UM Application listening on port 5000',
  level: 'info',
  label: 'right now!',
  timestamp: '2023-06-09T10:10:13.936Z'
}
{
  message: 'Database Connected Successfully',
  level: 'info',
  label: 'right now!',
  timestamp: '2023-06-09T10:15:50.494Z'
}
{
  message: 'UM Application listening on port 5000',
  level: 'info',
  label: 'right now!',
  timestamp: '2023-06-09T10:15:50.505Z'
}
{
  message: 'Database Connected Successfully',
  level: 'info',
  label: 'right now!',
  timestamp: '2023-06-09T10:16:59.364Z'
}
{
  message: 'UM Application listening on port 5000',
  level: 'info',
  label: 'right now!',
  timestamp: '2023-06-09T10:16:59.375Z'
}
{
  message: 'Database Connected Successfully',
  level: 'info',
  label: 'right now!',
  timestamp: '2023-06-09T10:17:05.717Z'
}
{
  message: 'UM Application listening on port 5000',
  level: 'info',
  label: 'right now!',
  timestamp: '2023-06-09T10:17:05.728Z'
}
{
  message: 'Database Connected Successfully',
  level: 'info',
  label: 'right now!',
  timestamp: '2023-06-09T10:17:10.132Z'
}
{
  message: 'UM Application listening on port 5000',
  level: 'info',
  label: 'right now!',
  timestamp: '2023-06-09T10:17:10.146Z'
}
{
  message: 'Database Connected Successfully',
  level: 'info',
  label: 'right now!',
  timestamp: '2023-06-09T10:22:17.424Z'
}
{
  message: 'UM Application listening on port 5000',
  level: 'info',
  label: 'right now!',
  timestamp: '2023-06-09T10:22:17.430Z'
}
{
  message: 'Database Connected Successfully',
  level: 'info',
  label: 'right now!',
  timestamp: '2023-06-09T10:24:04.022Z'
}
{
  message: 'UM Application listening on port 5000',
  level: 'info',
  label: 'right now!',
  timestamp: '2023-06-09T10:24:04.029Z'
}
{
  message: 'Database Connected Successfully',
  level: 'info',
  label: 'right now!',
  timestamp: '2023-06-09T10:24:08.648Z'
}
{
  message: 'UM Application listening on port 5000',
  level: 'info',
  label: 'right now!',
  timestamp: '2023-06-09T10:24:08.661Z'
}
{
  message: 'Database Connected Successfully',
  level: 'info',
  label: 'right now!',
  timestamp: '2023-06-09T10:27:31.583Z'
}
{
  message: 'UM Application listening on port 5000',
  level: 'info',
  label: 'right now!',
  timestamp: '2023-06-09T10:27:31.589Z'
}
{
  message: 'Database Connected Successfully',
  level: 'info',
  label: 'right now!',
  timestamp: '2023-06-09T10:28:52.082Z'
}
{
  message: 'UM Application listening on port 5000',
  level: 'info',
  label: 'right now!',
  timestamp: '2023-06-09T10:28:52.097Z'
}
{
  message: 'Database Connected Successfully',
  level: 'info',
  label: 'right now!',
  timestamp: '2023-06-09T10:29:00.260Z'
}
{
  message: 'UM Application listening on port 5000',
  level: 'info',
  label: 'right now!',
  timestamp: '2023-06-09T10:29:00.270Z'
}
{
  message: 'Database Connected Successfully',
  level: 'info',
  label: 'right now!',
  timestamp: '2023-06-09T10:35:56.542Z'
}
{
  message: 'UM Application listening on port 5000',
  level: 'info',
  label: 'right now!',
  timestamp: '2023-06-09T10:35:56.548Z'
}
{
  message: 'Database Connected Successfully',
  level: 'info',
  label: 'right now!',
  timestamp: '2023-06-09T10:36:44.847Z'
}
{
  message: 'UM Application listening on port 5000',
  level: 'info',
  label: 'right now!',
  timestamp: '2023-06-09T10:36:44.862Z'
}
{
  message: 'Database Connected Successfully',
  level: 'info',
  label: 'right now!',
  timestamp: '2023-06-09T10:36:59.071Z'
}
{
  message: 'UM Application listening on port 5000',
  level: 'info',
  label: 'right now!',
  timestamp: '2023-06-09T10:36:59.079Z'
}
{
  message: 'Database Connected Successfully',
  level: 'info',
  label: 'right now!',
  timestamp: '2023-06-09T10:37:00.962Z'
}
{
  message: 'UM Application listening on port 5000',
  level: 'info',
  label: 'right now!',
  timestamp: '2023-06-09T10:37:00.974Z'
}
{
  message: 'Database Connected Successfully',
  level: 'info',
  label: 'right now!',
  timestamp: '2023-06-09T10:37:08.782Z'
}
{
  message: 'UM Application listening on port 5000',
  level: 'info',
  label: 'right now!',
  timestamp: '2023-06-09T10:37:08.788Z'
}
{
  message: 'Database Connected Successfully',
  level: 'info',
  label: 'right now!',
  timestamp: '2023-06-09T10:37:20.558Z'
}
{
  message: 'UM Application listening on port 5000',
  level: 'info',
  label: 'right now!',
  timestamp: '2023-06-09T10:37:20.574Z'
}
{
  message: 'Database Connected Successfully',
  level: 'info',
  label: 'right now!',
  timestamp: '2023-06-09T10:37:27.846Z'
}
{
  message: 'UM Application listening on port 5000',
  level: 'info',
  label: 'right now!',
  timestamp: '2023-06-09T10:37:27.862Z'
}
{
  message: 'Database Connected Successfully',
  level: 'info',
  label: 'right now!',
  timestamp: '2023-06-09T10:37:32.509Z'
}
{
  message: 'UM Application listening on port 5000',
  level: 'info',
  label: 'right now!',
  timestamp: '2023-06-09T10:37:32.524Z'
}
{
  message: 'Database Connected Successfully',
  level: 'info',
  label: 'right now!',
  timestamp: '2023-06-09T10:37:43.298Z'
}
{
  message: 'UM Application listening on port 5000',
  level: 'info',
  label: 'right now!',
  timestamp: '2023-06-09T10:37:43.305Z'
}
{
  message: 'Database Connected Successfully',
  level: 'info',
  label: 'right now!',
  timestamp: '2023-06-09T10:37:50.413Z'
}
{
  message: 'UM Application listening on port 5000',
  level: 'info',
  label: 'right now!',
  timestamp: '2023-06-09T10:37:50.420Z'
}
{
  message: 'Database Connected Successfully',
  level: 'info',
  label: 'right now!',
  timestamp: '2023-06-09T10:39:39.045Z'
}
{
  message: 'UM Application listening on port 5000',
  level: 'info',
  label: 'right now!',
  timestamp: '2023-06-09T10:39:39.059Z'
}
{
  message: 'Database Connected Successfully',
  level: 'info',
  label: 'right now!',
  timestamp: '2023-06-09T10:39:41.752Z'
}
{
  message: 'UM Application listening on port 5000',
  level: 'info',
  label: 'right now!',
  timestamp: '2023-06-09T10:39:41.758Z'
}
{
  message: 'Database Connected Successfully',
  level: 'info',
  label: 'right now!',
  timestamp: '2023-06-09T10:39:50.315Z'
}
{
  message: 'UM Application listening on port 5000',
  level: 'info',
  label: 'right now!',
  timestamp: '2023-06-09T10:39:50.328Z'
}
{
  message: 'Database Connected Successfully',
  level: 'info',
  label: 'right now!',
  timestamp: '2023-06-09T10:39:52.989Z'
}
{
  message: 'UM Application listening on port 5000',
  level: 'info',
  label: 'right now!',
  timestamp: '2023-06-09T10:39:52.995Z'
}
{
  message: 'Database Connected Successfully',
  level: 'info',
  label: 'right now!',
  timestamp: '2023-06-09T10:40:02.518Z'
}
{
  message: 'UM Application listening on port 5000',
  level: 'info',
  label: 'right now!',
  timestamp: '2023-06-09T10:40:02.524Z'
}
{
  message: 'Database Connected Successfully',
  level: 'info',
  label: 'right now!',
  timestamp: '2023-06-09T10:41:27.122Z'
}
{
  message: 'UM Application listening on port 5000',
  level: 'info',
  label: 'right now!',
  timestamp: '2023-06-09T10:41:27.134Z'
}
{
  message: 'Database Connected Successfully',
  level: 'info',
  label: 'right now!',
  timestamp: '2023-06-09T10:41:30.118Z'
}
{
  message: 'UM Application listening on port 5000',
  level: 'info',
  label: 'right now!',
  timestamp: '2023-06-09T10:41:30.124Z'
}
{
  message: 'Database Connected Successfully',
  level: 'info',
  label: 'right now!',
  timestamp: '2023-06-09T10:41:45.219Z'
}
{
  message: 'UM Application listening on port 5000',
  level: 'info',
  label: 'right now!',
  timestamp: '2023-06-09T10:41:45.226Z'
}
{
  message: 'Database Connected Successfully',
  level: 'info',
  label: 'right now!',
  timestamp: '2023-06-09T10:41:46.954Z'
}
{
  message: 'UM Application listening on port 5000',
  level: 'info',
  label: 'right now!',
  timestamp: '2023-06-09T10:41:46.960Z'
}
{
  message: 'Database Connected Successfully',
  level: 'info',
  label: 'right now!',
  timestamp: '2023-06-09T10:41:53.127Z'
}
{
  message: 'UM Application listening on port 5000',
  level: 'info',
  label: 'right now!',
  timestamp: '2023-06-09T10:41:53.143Z'
}
{
  message: 'Database Connected Successfully',
  level: 'info',
  label: 'right now!',
  timestamp: '2023-06-09T10:42:06.528Z'
}
{
  message: 'UM Application listening on port 5000',
  level: 'info',
  label: 'right now!',
  timestamp: '2023-06-09T10:42:06.534Z'
}
{
  message: 'Database Connected Successfully',
  level: 'info',
  label: 'right now!',
  timestamp: '2023-06-09T10:42:16.881Z'
}
{
  message: 'UM Application listening on port 5000',
  level: 'info',
  label: 'right now!',
  timestamp: '2023-06-09T10:42:16.894Z'
}
{
  message: 'Database Connected Successfully',
  level: 'info',
  label: 'right now!',
  timestamp: '2023-06-09T10:42:42.601Z'
}
{
  message: 'UM Application listening on port 5000',
  level: 'info',
  label: 'right now!',
  timestamp: '2023-06-09T10:42:42.607Z'
}
{
  message: 'Database Connected Successfully',
  level: 'info',
  label: 'right now!',
  timestamp: '2023-06-09T10:42:47.418Z'
}
{
  message: 'UM Application listening on port 5000',
  level: 'info',
  label: 'right now!',
  timestamp: '2023-06-09T10:42:47.431Z'
}
{
  message: 'Database Connected Successfully',
  level: 'info',
  label: 'right now!',
  timestamp: '2023-06-09T10:43:39.594Z'
}
{
  message: 'UM Application listening on port 5000',
  level: 'info',
  label: 'right now!',
  timestamp: '2023-06-09T10:43:39.607Z'
}
{
  message: 'Database Connected Successfully',
  level: 'info',
  label: 'right now!',
  timestamp: '2023-06-09T10:44:09.983Z'
}
{
  message: 'UM Application listening on port 5000',
  level: 'info',
  label: 'right now!',
  timestamp: '2023-06-09T10:44:09.989Z'
}
{
  message: 'Database Connected Successfully',
  level: 'info',
  label: 'right now!',
  timestamp: '2023-06-09T10:44:33.662Z'
}
{
  message: 'UM Application listening on port 5000',
  level: 'info',
  label: 'right now!',
  timestamp: '2023-06-09T10:44:33.668Z'
}
{
  message: 'Database Connected Successfully',
  level: 'info',
  label: 'right now!',
  timestamp: '2023-06-09T10:44:41.068Z'
}
{
  message: 'UM Application listening on port 5000',
  level: 'info',
  label: 'right now!',
  timestamp: '2023-06-09T10:44:41.075Z'
}
{
  message: 'Database Connected Successfully',
  level: 'info',
  label: 'right now!',
  timestamp: '2023-06-09T10:44:43.351Z'
}
{
  message: 'UM Application listening on port 5000',
  level: 'info',
  label: 'right now!',
  timestamp: '2023-06-09T10:44:43.357Z'
}
{
  message: 'Database Connected Successfully',
  level: 'info',
  label: 'right now!',
  timestamp: '2023-06-09T10:44:46.029Z'
}
{
  message: 'UM Application listening on port 5000',
  level: 'info',
  label: 'right now!',
  timestamp: '2023-06-09T10:44:46.034Z'
}
{
  message: 'Database Connected Successfully',
  level: 'info',
  label: 'right now!',
  timestamp: '2023-06-09T10:44:52.736Z'
}
{
  message: 'UM Application listening on port 5000',
  level: 'info',
  label: 'right now!',
  timestamp: '2023-06-09T10:44:52.742Z'
}
{
  message: 'Database Connected Successfully',
  level: 'info',
  label: 'right now!',
  timestamp: '2023-06-09T10:45:00.926Z'
}
{
  message: 'UM Application listening on port 5000',
  level: 'info',
  label: 'right now!',
  timestamp: '2023-06-09T10:45:00.932Z'
}
{
  message: 'Database Connected Successfully',
  level: 'info',
  label: 'right now!',
  timestamp: '2023-06-09T10:45:20.845Z'
}
{
  message: 'UM Application listening on port 5000',
  level: 'info',
  label: 'right now!',
  timestamp: '2023-06-09T10:45:20.851Z'
}
{
  message: 'Database Connected Successfully',
  level: 'info',
  label: 'right now!',
  timestamp: '2023-06-09T10:45:32.221Z'
}
{
  message: 'UM Application listening on port 5000',
  level: 'info',
  label: 'right now!',
  timestamp: '2023-06-09T10:45:32.236Z'
}
{
  message: 'Database Connected Successfully',
  level: 'info',
  label: 'right now!',
  timestamp: '2023-06-09T10:45:39.006Z'
}
{
  message: 'UM Application listening on port 5000',
  level: 'info',
  label: 'right now!',
  timestamp: '2023-06-09T10:45:39.012Z'
}
{
  message: 'Database Connected Successfully',
  level: 'info',
  label: 'right now!',
  timestamp: '2023-06-09T10:45:50.493Z'
}
{
  message: 'UM Application listening on port 5000',
  level: 'info',
  label: 'right now!',
  timestamp: '2023-06-09T10:45:50.507Z'
}
{
  message: 'Database Connected Successfully',
  level: 'info',
  label: 'right now!',
  timestamp: '2023-06-09T10:46:13.582Z'
}
{
  message: 'UM Application listening on port 5000',
  level: 'info',
  label: 'right now!',
  timestamp: '2023-06-09T10:46:13.595Z'
}
{
  message: 'Database Connected Successfully',
  level: 'info',
  label: 'right now!',
  timestamp: '2023-06-09T10:46:16.789Z'
}
{
  message: 'UM Application listening on port 5000',
  level: 'info',
  label: 'right now!',
  timestamp: '2023-06-09T10:46:16.797Z'
}
{
  message: 'Database Connected Successfully',
  level: 'info',
  label: 'right now!',
  timestamp: '2023-06-09T10:46:21.484Z'
}
{
  message: 'UM Application listening on port 5000',
  level: 'info',
  label: 'right now!',
  timestamp: '2023-06-09T10:46:21.495Z'
}
{
  message: 'Database Connected Successfully',
  level: 'info',
  label: 'right now!',
  timestamp: '2023-06-09T10:46:26.818Z'
}
{
  message: 'UM Application listening on port 5000',
  level: 'info',
  label: 'right now!',
  timestamp: '2023-06-09T10:46:26.825Z'
}
{
  message: 'Database Connected Successfully',
  level: 'info',
  label: 'right now!',
  timestamp: '2023-06-09T10:46:33.261Z'
}
{
  message: 'UM Application listening on port 5000',
  level: 'info',
  label: 'right now!',
  timestamp: '2023-06-09T10:46:33.267Z'
}
{
  message: 'Database Connected Successfully',
  level: 'info',
  label: 'right now!',
  timestamp: '2023-06-09T10:46:44.755Z'
}
{
  message: 'UM Application listening on port 5000',
  level: 'info',
  label: 'right now!',
  timestamp: '2023-06-09T10:46:44.767Z'
}
{
  message: 'Database Connected Successfully',
  level: 'info',
  label: 'right now!',
  timestamp: '2023-06-09T10:46:50.159Z'
}
{
  message: 'UM Application listening on port 5000',
  level: 'info',
  label: 'right now!',
  timestamp: '2023-06-09T10:46:50.165Z'
}
{
  message: 'Database Connected Successfully',
  level: 'info',
  label: 'right now!',
  timestamp: '2023-06-09T10:46:53.280Z'
}
{
  message: 'UM Application listening on port 5000',
  level: 'info',
  label: 'right now!',
  timestamp: '2023-06-09T10:46:53.285Z'
}
{
  message: 'Database Connected Successfully',
  level: 'info',
  label: 'right now!',
  timestamp: '2023-06-09T10:47:06.937Z'
}
{
  message: 'UM Application listening on port 5000',
  level: 'info',
  label: 'right now!',
  timestamp: '2023-06-09T10:47:06.943Z'
}
{
  message: 'Database Connected Successfully',
  level: 'info',
  label: 'right now!',
  timestamp: '2023-06-09T10:47:14.723Z'
}
{
  message: 'UM Application listening on port 5000',
  level: 'info',
  label: 'right now!',
  timestamp: '2023-06-09T10:47:14.729Z'
}
{
  message: 'Database Connected Successfully',
  level: 'info',
  label: 'right now!',
  timestamp: '2023-06-09T10:47:20.943Z'
}
{
  message: 'UM Application listening on port 5000',
  level: 'info',
  label: 'right now!',
  timestamp: '2023-06-09T10:47:20.948Z'
}
{
  message: 'Database Connected Successfully',
  level: 'info',
  label: 'right now!',
  timestamp: '2023-06-09T10:47:35.938Z'
}
{
  message: 'UM Application listening on port 5000',
  level: 'info',
  label: 'right now!',
  timestamp: '2023-06-09T10:47:35.949Z'
}
{
  message: 'Database Connected Successfully',
  level: 'info',
  label: 'right now!',
  timestamp: '2023-06-09T10:48:09.164Z'
}
{
  message: 'UM Application listening on port 5000',
  level: 'info',
  label: 'right now!',
  timestamp: '2023-06-09T10:48:09.170Z'
}
{
  message: 'Database Connected Successfully',
  level: 'info',
  label: 'right now!',
  timestamp: '2023-06-09T10:48:17.617Z'
}
{
  message: 'UM Application listening on port 5000',
  level: 'info',
  label: 'right now!',
  timestamp: '2023-06-09T10:48:17.623Z'
}
{
  message: 'Database Connected Successfully',
  level: 'info',
  label: 'right now!',
  timestamp: '2023-06-09T10:48:24.174Z'
}
{
  message: 'UM Application listening on port 5000',
  level: 'info',
  label: 'right now!',
  timestamp: '2023-06-09T10:48:24.181Z'
}
{
  message: 'Database Connected Successfully',
  level: 'info',
  label: 'right now!',
  timestamp: '2023-06-09T10:48:27.288Z'
}
{
  message: 'UM Application listening on port 5000',
  level: 'info',
  label: 'right now!',
  timestamp: '2023-06-09T10:48:27.293Z'
}
{
  message: 'Database Connected Successfully',
  level: 'info',
  label: 'right now!',
  timestamp: '2023-06-09T10:48:30.447Z'
}
{
  message: 'UM Application listening on port 5000',
  level: 'info',
  label: 'right now!',
  timestamp: '2023-06-09T10:48:30.452Z'
}
{
  message: 'Database Connected Successfully',
  level: 'info',
  label: 'right now!',
  timestamp: '2023-06-09T10:48:32.335Z'
}
{
  message: 'UM Application listening on port 5000',
  level: 'info',
  label: 'right now!',
  timestamp: '2023-06-09T10:48:32.341Z'
}
{
  message: 'Database Connected Successfully',
  level: 'info',
  label: 'right now!',
  timestamp: '2023-06-09T10:48:37.814Z'
}
{
  message: 'UM Application listening on port 5000',
  level: 'info',
  label: 'right now!',
  timestamp: '2023-06-09T10:48:37.820Z'
}
{
  message: 'Database Connected Successfully',
  level: 'info',
  label: 'right now!',
  timestamp: '2023-06-09T10:48:42.005Z'
}
{
  message: 'UM Application listening on port 5000',
  level: 'info',
  label: 'right now!',
  timestamp: '2023-06-09T10:48:42.011Z'
}
{
  message: 'Database Connected Successfully',
  level: 'info',
  label: 'right now!',
  timestamp: '2023-06-09T10:48:45.645Z'
}
{
  message: 'UM Application listening on port 5000',
  level: 'info',
  label: 'right now!',
  timestamp: '2023-06-09T10:48:45.652Z'
}
{
  message: 'Database Connected Successfully',
  level: 'info',
  label: 'right now!',
  timestamp: '2023-06-09T10:48:47.882Z'
}
{
  message: 'UM Application listening on port 5000',
  level: 'info',
  label: 'right now!',
  timestamp: '2023-06-09T10:48:47.888Z'
}
{
  message: 'Database Connected Successfully',
  level: 'info',
  label: 'right now!',
  timestamp: '2023-06-09T10:48:51.105Z'
}
{
  message: 'UM Application listening on port 5000',
  level: 'info',
  label: 'right now!',
  timestamp: '2023-06-09T10:48:51.111Z'
}
{
  message: 'Database Connected Successfully',
  level: 'info',
  label: 'right now!',
  timestamp: '2023-06-09T10:48:55.099Z'
}
{
  message: 'UM Application listening on port 5000',
  level: 'info',
  label: 'right now!',
  timestamp: '2023-06-09T10:48:55.107Z'
}
{
  message: 'Database Connected Successfully',
  level: 'info',
  label: 'right now!',
  timestamp: '2023-06-09T10:48:57.479Z'
}
{
  message: 'UM Application listening on port 5000',
  level: 'info',
  label: 'right now!',
  timestamp: '2023-06-09T10:48:57.494Z'
}
{
  message: 'Database Connected Successfully',
  level: 'info',
  label: 'right now!',
  timestamp: '2023-06-09T10:49:14.940Z'
}
{
  message: 'UM Application listening on port 5000',
  level: 'info',
  label: 'right now!',
  timestamp: '2023-06-09T10:49:14.955Z'
}
{
  message: 'Database Connected Successfully',
  level: 'info',
  label: 'right now!',
  timestamp: '2023-06-09T10:49:47.080Z'
}
{
  message: 'UM Application listening on port 5000',
  level: 'info',
  label: 'right now!',
  timestamp: '2023-06-09T10:49:47.086Z'
}
{
  message: 'Database Connected Successfully',
  level: 'info',
  label: 'right now!',
  timestamp: '2023-06-09T10:49:52.438Z'
}
{
  message: 'UM Application listening on port 5000',
  level: 'info',
  label: 'right now!',
  timestamp: '2023-06-09T10:49:52.444Z'
}
{
  message: 'Database Connected Successfully',
  level: 'info',
  label: 'right now!',
  timestamp: '2023-06-09T10:50:09.214Z'
}
{
  message: 'UM Application listening on port 5000',
  level: 'info',
  label: 'right now!',
  timestamp: '2023-06-09T10:50:09.220Z'
}
{
  message: 'Database Connected Successfully',
  level: 'info',
  label: 'right now!',
  timestamp: '2023-06-09T10:50:55.407Z'
}
{
  message: 'UM Application listening on port 5000',
  level: 'info',
  label: 'right now!',
  timestamp: '2023-06-09T10:50:55.417Z'
}
{
  message: 'Database Connected Successfully',
  level: 'info',
  label: 'right now!',
  timestamp: '2023-06-09T10:51:05.849Z'
}
{
  message: 'UM Application listening on port 5000',
  level: 'info',
  label: 'right now!',
  timestamp: '2023-06-09T10:51:05.855Z'
}
{
  message: 'Database Connected Successfully',
  level: 'info',
  label: 'right now!',
  timestamp: '2023-06-09T10:53:22.865Z'
}
{
  message: 'UM Application listening on port 5000',
  level: 'info',
  label: 'right now!',
  timestamp: '2023-06-09T10:53:22.871Z'
}
{
  message: 'Database Connected Successfully',
  level: 'info',
  label: 'right now!',
  timestamp: '2023-06-09T10:53:25.778Z'
}
{
  message: 'UM Application listening on port 5000',
  level: 'info',
  label: 'right now!',
  timestamp: '2023-06-09T10:53:25.784Z'
}
{
  message: 'Database Connected Successfully',
  level: 'info',
  label: 'right now!',
  timestamp: '2023-06-09T10:53:28.708Z'
}
{
  message: 'UM Application listening on port 5000',
  level: 'info',
  label: 'right now!',
  timestamp: '2023-06-09T10:53:28.714Z'
}
{
  message: 'Database Connected Successfully',
  level: 'info',
  label: 'right now!',
  timestamp: '2023-06-09T10:53:31.947Z'
}
{
  message: 'UM Application listening on port 5000',
  level: 'info',
  label: 'right now!',
  timestamp: '2023-06-09T10:53:31.953Z'
}
{
  message: 'Database Connected Successfully',
  level: 'info',
  label: 'right now!',
  timestamp: '2023-06-09T10:53:33.578Z'
}
{
  message: 'UM Application listening on port 5000',
  level: 'info',
  label: 'right now!',
  timestamp: '2023-06-09T10:53:33.586Z'
}
{
  message: 'Database Connected Successfully',
  level: 'info',
  label: 'right now!',
  timestamp: '2023-06-09T10:53:41.547Z'
}
{
  message: 'UM Application listening on port 5000',
  level: 'info',
  label: 'right now!',
  timestamp: '2023-06-09T10:53:41.553Z'
}
{
  message: 'Database Connected Successfully',
  level: 'info',
  label: 'right now!',
  timestamp: '2023-06-09T10:53:45.834Z'
}
{
  message: 'UM Application listening on port 5000',
  level: 'info',
  label: 'right now!',
  timestamp: '2023-06-09T10:53:45.841Z'
}
{
  message: 'Database Connected Successfully',
  level: 'info',
  label: 'right now!',
  timestamp: '2023-06-09T10:53:54.654Z'
}
{
  message: 'UM Application listening on port 5000',
  level: 'info',
  label: 'right now!',
  timestamp: '2023-06-09T10:53:54.659Z'
}
{
  message: 'Database Connected Successfully',
  level: 'info',
  label: 'right now!',
  timestamp: '2023-06-09T10:53:58.121Z'
}
{
  message: 'UM Application listening on port 5000',
  level: 'info',
  label: 'right now!',
  timestamp: '2023-06-09T10:53:58.133Z'
}
{
  message: 'Database Connected Successfully',
  level: 'info',
  label: 'right now!',
  timestamp: '2023-06-09T10:54:00.234Z'
}
{
  message: 'UM Application listening on port 5000',
  level: 'info',
  label: 'right now!',
  timestamp: '2023-06-09T10:54:00.240Z'
}
{
  message: 'Database Connected Successfully',
  level: 'info',
  label: 'right now!',
  timestamp: '2023-06-09T10:54:07.417Z'
}
{
  message: 'UM Application listening on port 5000',
  level: 'info',
  label: 'right now!',
  timestamp: '2023-06-09T10:54:07.452Z'
}
{
  message: 'Database Connected Successfully',
  level: 'info',
  label: 'right now!',
  timestamp: '2023-06-09T10:57:22.747Z'
}
{
  message: 'UM Application listening on port 5000',
  level: 'info',
  label: 'right now!',
  timestamp: '2023-06-09T10:57:22.761Z'
}
{
  message: 'Database Connected Successfully',
  level: 'info',
  label: 'right now!',
  timestamp: '2023-06-09T10:57:46.432Z'
}
{
  message: 'UM Application listening on port 5000',
  level: 'info',
  label: 'right now!',
  timestamp: '2023-06-09T10:57:46.438Z'
}
{
  message: 'Database Connected Successfully',
  level: 'info',
  label: 'right now!',
  timestamp: '2023-06-09T10:58:01.871Z'
}
{
  message: 'UM Application listening on port 5000',
  level: 'info',
  label: 'right now!',
  timestamp: '2023-06-09T10:58:01.878Z'
}
{
  message: 'Database Connected Successfully',
  level: 'info',
  label: 'right now!',
  timestamp: '2023-06-09T10:58:04.850Z'
}
{
  message: 'UM Application listening on port 5000',
  level: 'info',
  label: 'right now!',
  timestamp: '2023-06-09T10:58:04.856Z'
}
{
  message: 'Database Connected Successfully',
  level: 'info',
  label: 'right now!',
  timestamp: '2023-06-09T10:58:07.256Z'
}
{
  message: 'UM Application listening on port 5000',
  level: 'info',
  label: 'right now!',
  timestamp: '2023-06-09T10:58:07.263Z'
}
{
  message: 'Database Connected Successfully',
  level: 'info',
  label: 'right now!',
  timestamp: '2023-06-09T10:58:29.074Z'
}
{
  message: 'UM Application listening on port 5000',
  level: 'info',
  label: 'right now!',
  timestamp: '2023-06-09T10:58:29.084Z'
}
{
  message: 'Database Connected Successfully',
  level: 'info',
  label: 'right now!',
  timestamp: '2023-06-09T10:58:42.134Z'
}
{
  message: 'UM Application listening on port 5000',
  level: 'info',
  label: 'right now!',
  timestamp: '2023-06-09T10:58:42.141Z'
}
{
  message: 'Database Connected Successfully',
  level: 'info',
  label: 'right now!',
  timestamp: '2023-06-09T10:58:49.211Z'
}
{
  message: 'UM Application listening on port 5000',
  level: 'info',
  label: 'right now!',
  timestamp: '2023-06-09T10:58:49.226Z'
}
{
  message: 'Database Connected Successfully',
  level: 'info',
  label: 'right now!',
  timestamp: '2023-06-09T10:58:52.433Z'
}
{
  message: 'UM Application listening on port 5000',
  level: 'info',
  label: 'right now!',
  timestamp: '2023-06-09T10:58:52.442Z'
}
{
  message: 'Database Connected Successfully',
  level: 'info',
  label: 'right now!',
  timestamp: '2023-06-09T10:59:28.003Z'
}
{
  message: 'UM Application listening on port 5000',
  level: 'info',
  label: 'right now!',
  timestamp: '2023-06-09T10:59:28.010Z'
}
