{
  message: 'Database Connected Successfully',
  level: 'info',
  label: 'right now!',
  timestamp: '2023-06-14T12:00:08.058Z'
}
{
  message: 'UM Application listening on port 5000',
  level: 'info',
  label: 'right now!',
  timestamp: '2023-06-14T12:00:08.064Z'
}
{
  message: 'Database Connected Successfully',
  level: 'info',
  label: 'right now!',
  timestamp: '2023-06-14T12:00:13.423Z'
}
{
  message: 'UM Application listening on port 5000',
  level: 'info',
  label: 'right now!',
  timestamp: '2023-06-14T12:00:13.438Z'
}
{
  message: 'Database Connected Successfully',
  level: 'info',
  label: 'right now!',
  timestamp: '2023-06-14T12:00:27.809Z'
}
{
  message: 'UM Application listening on port 5000',
  level: 'info',
  label: 'right now!',
  timestamp: '2023-06-14T12:00:27.818Z'
}
{
  message: 'Database Connected Successfully',
  level: 'info',
  label: 'right now!',
  timestamp: '2023-06-14T12:00:33.098Z'
}
{
  message: 'UM Application listening on port 5000',
  level: 'info',
  label: 'right now!',
  timestamp: '2023-06-14T12:00:33.112Z'
}
{
  message: 'Database Connected Successfully',
  level: 'info',
  label: 'right now!',
  timestamp: '2023-06-14T12:00:38.375Z'
}
{
  message: 'UM Application listening on port 5000',
  level: 'info',
  label: 'right now!',
  timestamp: '2023-06-14T12:00:38.406Z'
}
{
  message: 'Database Connected Successfully',
  level: 'info',
  label: 'right now!',
  timestamp: '2023-06-14T12:01:30.304Z'
}
{
  message: 'UM Application listening on port 5000',
  level: 'info',
  label: 'right now!',
  timestamp: '2023-06-14T12:01:30.310Z'
}
{
  message: 'Database Connected Successfully',
  level: 'info',
  label: 'right now!',
  timestamp: '2023-06-14T12:02:42.818Z'
}
{
  message: 'UM Application listening on port 5000',
  level: 'info',
  label: 'right now!',
  timestamp: '2023-06-14T12:02:42.832Z'
}
{
  message: 'Database Connected Successfully',
  level: 'info',
  label: 'right now!',
  timestamp: '2023-06-14T12:02:49.670Z'
}
{
  message: 'UM Application listening on port 5000',
  level: 'info',
  label: 'right now!',
  timestamp: '2023-06-14T12:02:49.677Z'
}
{
  message: 'Database Connected Successfully',
  level: 'info',
  label: 'right now!',
  timestamp: '2023-06-14T12:03:29.844Z'
}
{
  message: 'UM Application listening on port 5000',
  level: 'info',
  label: 'right now!',
  timestamp: '2023-06-14T12:03:29.859Z'
}
{
  message: 'Database Connected Successfully',
  level: 'info',
  label: 'right now!',
  timestamp: '2023-06-14T12:04:47.820Z'
}
{
  message: 'UM Application listening on port 5000',
  level: 'info',
  label: 'right now!',
  timestamp: '2023-06-14T12:04:47.827Z'
}
{
  message: 'Database Connected Successfully',
  level: 'info',
  label: 'right now!',
  timestamp: '2023-06-14T12:04:49.936Z'
}
{
  message: 'UM Application listening on port 5000',
  level: 'info',
  label: 'right now!',
  timestamp: '2023-06-14T12:04:49.943Z'
}
{
  message: 'Database Connected Successfully',
  level: 'info',
  label: 'right now!',
  timestamp: '2023-06-14T12:05:16.350Z'
}
{
  message: 'UM Application listening on port 5000',
  level: 'info',
  label: 'right now!',
  timestamp: '2023-06-14T12:05:16.361Z'
}
{
  message: 'Database Connected Successfully',
  level: 'info',
  label: 'right now!',
  timestamp: '2023-06-14T12:05:18.099Z'
}
{
  message: 'UM Application listening on port 5000',
  level: 'info',
  label: 'right now!',
  timestamp: '2023-06-14T12:05:18.106Z'
}
